# JRE version: Java(TM) SE Runtime Environment (8.0-b123) (build 1.8.0-ea-b123)
# Java VM: Java HotSpot(TM) 64-Bit Server VM (25.0-b65 mixed mode windows-amd64 compressed oops)
Heap:
 PSYoungGen      total 2560K, used 1239K [0x0000000741000000, 0x0000000741300000, 0x00000007c0000000)
  eden space 2048K, 36% used [0x0000000741000000,0x00000007410ba200,0x0000000741200000)
  from space 512K, 96% used [0x0000000741280000,0x00000007412fbc20,0x0000000741300000)
  to   space 512K, 0% used [0x0000000741200000,0x0000000741200000,0x0000000741280000)
 ParOldGen       total 129536K, used 324K [0x0000000643000000, 0x000000064ae80000, 0x0000000741000000)
  object space 129536K, 0% used [0x0000000643000000,0x0000000643051010,0x000000064ae80000)
 Metaspace       used 4543K, capacity 5914K, committed 6016K, reserved 1056768K
  class space    used 541K, capacity 586K, committed 640K, reserved 1048576K
GC Heap History (8 events):
Event: 0.088 GC heap before
{Heap before GC invocations=1 (full 0):
 PSYoungGen      total 1024K, used 512K [0x0000000741000000, 0x0000000741180000, 0x00000007c0000000)
  eden space 512K, 100% used [0x0000000741000000,0x0000000741080000,0x0000000741080000)
  from space 512K, 0% used [0x0000000741100000,0x0000000741100000,0x0000000741180000)
  to   space 512K, 0% used [0x0000000741080000,0x0000000741080000,0x0000000741100000)
 ParOldGen       total 129536K, used 0K [0x0000000643000000, 0x000000064ae80000, 0x0000000741000000)
  object space 129536K, 0% used [0x0000000643000000,0x0000000643000000,0x000000064ae80000)
 Metaspace       used 2558K, capacity 4486K, committed 4864K, reserved 1056768K
  class space    used 283K, capacity 386K, committed 512K, reserved 1048576K
Event: 0.090 GC heap after
Heap after GC invocations=1 (full 0):
 PSYoungGen      total 1024K, used 496K [0x0000000741000000, 0x0000000741200000, 0x00000007c0000000)
  eden space 512K, 0% used [0x0000000741000000,0x0000000741000000,0x0000000741080000)
  from space 512K, 96% used [0x0000000741080000,0x00000007410fc010,0x0000000741100000)
  to   space 512K, 0% used [0x0000000741180000,0x0000000741180000,0x0000000741200000)
 ParOldGen       total 129536K, used 8K [0x0000000643000000, 0x000000064ae80000, 0x0000000741000000)
  object space 129536K, 0% used [0x0000000643000000,0x0000000643002000,0x000000064ae80000)
 Metaspace       used 2558K, capacity 4486K, committed 4864K, reserved 1056768K
  class space    used 283K, capacity 386K, committed 512K, reserved 1048576K
}
Event: 0.117 GC heap before
{Heap before GC invocations=2 (full 0):
 PSYoungGen      total 1024K, used 1008K [0x0000000741000000, 0x0000000741200000, 0x00000007c0000000)
  eden space 512K, 100% used [0x0000000741000000,0x0000000741080000,0x0000000741080000)
  from space 512K, 96% used [0x0000000741080000,0x00000007410fc010,0x0000000741100000)
  to   space 512K, 0% used [0x0000000741180000,0x0000000741180000,0x0000000741200000)
 ParOldGen       total 129536K, used 8K [0x0000000643000000, 0x000000064ae80000, 0x0000000741000000)
  object space 129536K, 0% used [0x0000000643000000,0x0000000643002000,0x000000064ae80000)
 Metaspace       used 2873K, capacity 4630K, committed 4864K, reserved 1056768K
  class space    used 325K, capacity 394K, committed 512K, reserved 1048576K
Event: 0.118 GC heap after
Heap after GC invocations=2 (full 0):
 PSYoungGen      total 1536K, used 496K [0x0000000741000000, 0x0000000741200000, 0x00000007c0000000)
  eden space 1024K, 0% used [0x0000000741000000,0x0000000741000000,0x0000000741100000)
  from space 512K, 96% used [0x0000000741180000,0x00000007411fc010,0x0000000741200000)
  to   space 512K, 0% used [0x0000000741100000,0x0000000741100000,0x0000000741180000)
 ParOldGen       total 129536K, used 72K [0x0000000643000000, 0x000000064ae80000, 0x0000000741000000)
  object space 129536K, 0% used [0x0000000643000000,0x0000000643012000,0x000000064ae80000)
 Metaspace       used 2873K, capacity 4630K, committed 4864K, reserved 1056768K
  class space    used 325K, capacity 394K, committed 512K, reserved 1048576K
}
Event: 0.158 GC heap before
{Heap before GC invocations=3 (full 0):
 PSYoungGen      total 1536K, used 1520K [0x0000000741000000, 0x0000000741200000, 0x00000007c0000000)
  eden space 1024K, 100% used [0x0000000741000000,0x0000000741100000,0x0000000741100000)
  from space 512K, 96% used [0x0000000741180000,0x00000007411fc010,0x0000000741200000)
  to   space 512K, 0% used [0x0000000741100000,0x0000000741100000,0x0000000741180000)
 ParOldGen       total 129536K, used 72K [0x0000000643000000, 0x000000064ae80000, 0x0000000741000000)
  object space 129536K, 0% used [0x0000000643000000,0x0000000643012000,0x000000064ae80000)
 Metaspace       used 3554K, capacity 5078K, committed 5376K, reserved 1056768K
  class space    used 408K, capacity 458K, committed 512K, reserved 1048576K
Event: 0.159 GC heap after
Heap after GC invocations=3 (full 0):
 PSYoungGen      total 1536K, used 480K [0x0000000741000000, 0x0000000741300000, 0x00000007c0000000)
  eden space 1024K, 0% used [0x0000000741000000,0x0000000741000000,0x0000000741100000)
  from space 512K, 93% used [0x0000000741100000,0x0000000741178020,0x0000000741180000)
  to   space 512K, 0% used [0x0000000741280000,0x0000000741280000,0x0000000741300000)
 ParOldGen       total 129536K, used 168K [0x0000000643000000, 0x000000064ae80000, 0x0000000741000000)
  object space 129536K, 0% used [0x0000000643000000,0x000000064302a000,0x000000064ae80000)
 Metaspace       used 3554K, capacity 5078K, committed 5376K, reserved 1056768K
  class space    used 408K, capacity 458K, committed 512K, reserved 1048576K
}
Event: 0.206 GC heap before
{Heap before GC invocations=4 (full 0):
 PSYoungGen      total 1536K, used 1440K [0x0000000741000000, 0x0000000741300000, 0x00000007c0000000)
  eden space 1024K, 93% used [0x0000000741000000,0x00000007410f00b0,0x0000000741100000)
  from space 512K, 93% used [0x0000000741100000,0x0000000741178020,0x0000000741180000)
  to   space 512K, 0% used [0x0000000741280000,0x0000000741280000,0x0000000741300000)
 ParOldGen       total 129536K, used 168K [0x0000000643000000, 0x000000064ae80000, 0x0000000741000000)
  object space 129536K, 0% used [0x0000000643000000,0x000000064302a000,0x000000064ae80000)
 Metaspace       used 4067K, capacity 5462K, committed 5760K, reserved 1056768K
  class space    used 476K, capacity 522K, committed 640K, reserved 1048576K
Event: 0.208 GC heap after
Heap after GC invocations=4 (full 0):
 PSYoungGen      total 2560K, used 495K [0x0000000741000000, 0x0000000741300000, 0x00000007c0000000)
  eden space 2048K, 0% used [0x0000000741000000,0x0000000741000000,0x0000000741200000)
  from space 512K, 96% used [0x0000000741280000,0x00000007412fbc20,0x0000000741300000)
  to   space 512K, 0% used [0x0000000741200000,0x0000000741200000,0x0000000741280000)
 ParOldGen       total 129536K, used 324K [0x0000000643000000, 0x000000064ae80000, 0x0000000741000000)
  object space 129536K, 0% used [0x0000000643000000,0x0000000643051010,0x000000064ae80000)
 Metaspace       used 4067K, capacity 5462K, committed 5760K, reserved 1056768K
  class space    used 476K, capacity 522K, committed 640K, reserved 1048576K
}

