# JRE version: Java(TM) SE Runtime Environment (8.0-b123) (build 1.8.0-ea-b123)
# Java VM: Java HotSpot(TM) 64-Bit Server VM (25.0-b65 mixed mode windows-amd64 compressed oops)
Heap:
 PSYoungGen      total 238592K, used 126870K [0x00000000d5f00000, 0x00000000e7280000, 0x0000000100000000)
  eden space 217600K, 58% used [0x00000000d5f00000,0x00000000ddae5b08,0x00000000e3380000)
  from space 20992K, 0% used [0x00000000e3380000,0x00000000e3380000,0x00000000e4800000)
  to   space 22528K, 0% used [0x00000000e5c80000,0x00000000e5c80000,0x00000000e7280000)
 ParOldGen       total 177664K, used 177213K [0x0000000081c00000, 0x000000008c980000, 0x00000000d5f00000)
  object space 177664K, 99% used [0x0000000081c00000,0x000000008c90f7e0,0x000000008c980000)
 Metaspace       used 15571K, capacity 15708K, committed 15872K, reserved 1062912K
  class space    used 2242K, capacity 2292K, committed 2304K, reserved 1048576K
GC Heap History (10 events):
Event: 92.412 GC heap before
{Heap before GC invocations=45 (full 6):
 PSYoungGen      total 238592K, used 220391K [0x00000000d5f00000, 0x00000000e7280000, 0x0000000100000000)
  eden space 217600K, 100% used [0x00000000d5f00000,0x00000000e3380000,0x00000000e3380000)
  from space 20992K, 13% used [0x00000000e3380000,0x00000000e3639f10,0x00000000e4800000)
  to   space 22528K, 0% used [0x00000000e5c80000,0x00000000e5c80000,0x00000000e7280000)
 ParOldGen       total 177664K, used 177155K [0x0000000081c00000, 0x000000008c980000, 0x00000000d5f00000)
  object space 177664K, 99% used [0x0000000081c00000,0x000000008c900d58,0x000000008c980000)
 Metaspace       used 15084K, capacity 15260K, committed 15360K, reserved 1062912K
  class space    used 2156K, capacity 2228K, committed 2304K, reserved 1048576K
Event: 93.262 GC heap after
Heap after GC invocations=45 (full 6):
 PSYoungGen      total 238592K, used 2791K [0x00000000d5f00000, 0x00000000e7280000, 0x0000000100000000)
  eden space 217600K, 0% used [0x00000000d5f00000,0x00000000d5f00000,0x00000000e3380000)
  from space 20992K, 13% used [0x00000000e3380000,0x00000000e3639f10,0x00000000e4800000)
  to   space 22528K, 0% used [0x00000000e5c80000,0x00000000e5c80000,0x00000000e7280000)
 ParOldGen       total 177664K, used 177155K [0x0000000081c00000, 0x000000008c980000, 0x00000000d5f00000)
  object space 177664K, 99% used [0x0000000081c00000,0x000000008c900d80,0x000000008c980000)
 Metaspace       used 15084K, capacity 15260K, committed 15360K, reserved 1062912K
  class space    used 2156K, capacity 2228K, committed 2304K, reserved 1048576K
}
Event: 94.354 GC heap before
{Heap before GC invocations=46 (full 7):
 PSYoungGen      total 238592K, used 220391K [0x00000000d5f00000, 0x00000000e7280000, 0x0000000100000000)
  eden space 217600K, 100% used [0x00000000d5f00000,0x00000000e3380000,0x00000000e3380000)
  from space 20992K, 13% used [0x00000000e3380000,0x00000000e3639f10,0x00000000e4800000)
  to   space 22528K, 0% used [0x00000000e5c80000,0x00000000e5c80000,0x00000000e7280000)
 ParOldGen       total 177664K, used 177155K [0x0000000081c00000, 0x000000008c980000, 0x00000000d5f00000)
  object space 177664K, 99% used [0x0000000081c00000,0x000000008c900d80,0x000000008c980000)
 Metaspace       used 15084K, capacity 15260K, committed 15360K, reserved 1062912K
  class space    used 2156K, capacity 2228K, committed 2304K, reserved 1048576K
Event: 95.225 GC heap after
Heap after GC invocations=46 (full 7):
 PSYoungGen      total 238592K, used 2791K [0x00000000d5f00000, 0x00000000e7280000, 0x0000000100000000)
  eden space 217600K, 0% used [0x00000000d5f00000,0x00000000d5f00000,0x00000000e3380000)
  from space 20992K, 13% used [0x00000000e3380000,0x00000000e3639f10,0x00000000e4800000)
  to   space 22528K, 0% used [0x00000000e5c80000,0x00000000e5c80000,0x00000000e7280000)
 ParOldGen       total 177664K, used 177155K [0x0000000081c00000, 0x000000008c980000, 0x00000000d5f00000)
  object space 177664K, 99% used [0x0000000081c00000,0x000000008c900e78,0x000000008c980000)
 Metaspace       used 15084K, capacity 15260K, committed 15360K, reserved 1062912K
  class space    used 2156K, capacity 2228K, committed 2304K, reserved 1048576K
}
Event: 96.589 GC heap before
{Heap before GC invocations=47 (full 8):
 PSYoungGen      total 238592K, used 220391K [0x00000000d5f00000, 0x00000000e7280000, 0x0000000100000000)
  eden space 217600K, 100% used [0x00000000d5f00000,0x00000000e3380000,0x00000000e3380000)
  from space 20992K, 13% used [0x00000000e3380000,0x00000000e3639f10,0x00000000e4800000)
  to   space 22528K, 0% used [0x00000000e5c80000,0x00000000e5c80000,0x00000000e7280000)
 ParOldGen       total 177664K, used 177155K [0x0000000081c00000, 0x000000008c980000, 0x00000000d5f00000)
  object space 177664K, 99% used [0x0000000081c00000,0x000000008c900e78,0x000000008c980000)
 Metaspace       used 15084K, capacity 15260K, committed 15360K, reserved 1062912K
  class space    used 2156K, capacity 2228K, committed 2304K, reserved 1048576K
Event: 97.918 GC heap after
Heap after GC invocations=47 (full 8):
 PSYoungGen      total 238592K, used 28371K [0x00000000d5f00000, 0x00000000e7280000, 0x0000000100000000)
  eden space 217600K, 13% used [0x00000000d5f00000,0x00000000d7ab4f88,0x00000000e3380000)
  from space 20992K, 0% used [0x00000000e3380000,0x00000000e3380000,0x00000000e4800000)
  to   space 22528K, 0% used [0x00000000e5c80000,0x00000000e5c80000,0x00000000e7280000)
 ParOldGen       total 177664K, used 177661K [0x0000000081c00000, 0x000000008c980000, 0x00000000d5f00000)
  object space 177664K, 99% used [0x0000000081c00000,0x000000008c97f698,0x000000008c980000)
 Metaspace       used 15084K, capacity 15260K, committed 15360K, reserved 1062912K
  class space    used 2156K, capacity 2228K, committed 2304K, reserved 1048576K
}
Event: 98.966 GC heap before
{Heap before GC invocations=48 (full 9):
 PSYoungGen      total 238592K, used 217600K [0x00000000d5f00000, 0x00000000e7280000, 0x0000000100000000)
  eden space 217600K, 100% used [0x00000000d5f00000,0x00000000e3380000,0x00000000e3380000)
  from space 20992K, 0% used [0x00000000e3380000,0x00000000e3380000,0x00000000e4800000)
  to   space 22528K, 0% used [0x00000000e5c80000,0x00000000e5c80000,0x00000000e7280000)
 ParOldGen       total 177664K, used 177661K [0x0000000081c00000, 0x000000008c980000, 0x00000000d5f00000)
  object space 177664K, 99% used [0x0000000081c00000,0x000000008c97f698,0x000000008c980000)
 Metaspace       used 15084K, capacity 15260K, committed 15360K, reserved 1062912K
  class space    used 2156K, capacity 2228K, committed 2304K, reserved 1048576K
Event: 100.669 GC heap after
Heap after GC invocations=48 (full 9):
 PSYoungGen      total 238592K, used 72821K [0x00000000d5f00000, 0x00000000e7280000, 0x0000000100000000)
  eden space 217600K, 33% used [0x00000000d5f00000,0x00000000da61d700,0x00000000e3380000)
  from space 20992K, 0% used [0x00000000e3380000,0x00000000e3380000,0x00000000e4800000)
  to   space 22528K, 0% used [0x00000000e5c80000,0x00000000e5c80000,0x00000000e7280000)
 ParOldGen       total 177664K, used 177418K [0x0000000081c00000, 0x000000008c980000, 0x00000000d5f00000)
  object space 177664K, 99% used [0x0000000081c00000,0x000000008c942af0,0x000000008c980000)
 Metaspace       used 15084K, capacity 15260K, committed 15360K, reserved 1062912K
  class space    used 2156K, capacity 2228K, committed 2304K, reserved 1048576K
}
Event: 101.318 GC heap before
{Heap before GC invocations=49 (full 10):
 PSYoungGen      total 238592K, used 217600K [0x00000000d5f00000, 0x00000000e7280000, 0x0000000100000000)
  eden space 217600K, 100% used [0x00000000d5f00000,0x00000000e3380000,0x00000000e3380000)
  from space 20992K, 0% used [0x00000000e3380000,0x00000000e3380000,0x00000000e4800000)
  to   space 22528K, 0% used [0x00000000e5c80000,0x00000000e5c80000,0x00000000e7280000)
 ParOldGen       total 177664K, used 177418K [0x0000000081c00000, 0x000000008c980000, 0x00000000d5f00000)
  object space 177664K, 99% used [0x0000000081c00000,0x000000008c942af0,0x000000008c980000)
 Metaspace       used 15090K, capacity 15260K, committed 15360K, reserved 1062912K
  class space    used 2157K, capacity 2228K, committed 2304K, reserved 1048576K
Event: 103.556 GC heap after
Heap after GC invocations=49 (full 10):
 PSYoungGen      total 238592K, used 104647K [0x00000000d5f00000, 0x00000000e7280000, 0x0000000100000000)
  eden space 217600K, 48% used [0x00000000d5f00000,0x00000000dc531da0,0x00000000e3380000)
  from space 20992K, 0% used [0x00000000e3380000,0x00000000e3380000,0x00000000e4800000)
  to   space 22528K, 0% used [0x00000000e5c80000,0x00000000e5c80000,0x00000000e7280000)
 ParOldGen       total 177664K, used 177213K [0x0000000081c00000, 0x000000008c980000, 0x00000000d5f00000)
  object space 177664K, 99% used [0x0000000081c00000,0x000000008c90f7e0,0x000000008c980000)
 Metaspace       used 15090K, capacity 15260K, committed 15360K, reserved 1062912K
  class space    used 2157K, capacity 2228K, committed 2304K, reserved 1048576K
}

